Traceback (most recent call last):
  File "/gpfs/f6/bil-fire10-oar/world-shared/gge/Miniforge3/envs/pyDAmonitor/lib/python3.11/site-packages/jupyter_core/utils/__init__.py", line 154, in wrapped
    asyncio.get_running_loop()
RuntimeError: no running event loop

During handling of the above exception, another exception occurred:

Traceback (most recent call last):
  File "/gpfs/f6/bil-fire10-oar/world-shared/gge/Miniforge3/envs/pyDAmonitor/lib/python3.11/site-packages/jupyter_cache/executors/utils.py", line 58, in single_nb_execution
    executenb(
  File "/gpfs/f6/bil-fire10-oar/world-shared/gge/Miniforge3/envs/pyDAmonitor/lib/python3.11/site-packages/nbclient/client.py", line 1319, in execute
    return NotebookClient(nb=nb, resources=resources, km=km, **kwargs).execute()
           ^^^^^^^^^^^^^^^^^^^^^^^^^^^^^^^^^^^^^^^^^^^^^^^^^^^^^^^^^^^^^^^^^^^^^
  File "/gpfs/f6/bil-fire10-oar/world-shared/gge/Miniforge3/envs/pyDAmonitor/lib/python3.11/site-packages/jupyter_core/utils/__init__.py", line 158, in wrapped
    return loop.run_until_complete(inner)
           ^^^^^^^^^^^^^^^^^^^^^^^^^^^^^^
  File "/gpfs/f6/bil-fire10-oar/world-shared/gge/Miniforge3/envs/pyDAmonitor/lib/python3.11/asyncio/base_events.py", line 654, in run_until_complete
    return future.result()
           ^^^^^^^^^^^^^^^
  File "/gpfs/f6/bil-fire10-oar/world-shared/gge/Miniforge3/envs/pyDAmonitor/lib/python3.11/site-packages/nbclient/client.py", line 709, in async_execute
    await self.async_execute_cell(
  File "/gpfs/f6/bil-fire10-oar/world-shared/gge/Miniforge3/envs/pyDAmonitor/lib/python3.11/site-packages/nbclient/client.py", line 1062, in async_execute_cell
    await self._check_raise_for_error(cell, cell_index, exec_reply)
  File "/gpfs/f6/bil-fire10-oar/world-shared/gge/Miniforge3/envs/pyDAmonitor/lib/python3.11/site-packages/nbclient/client.py", line 918, in _check_raise_for_error
    raise CellExecutionError.from_cell_and_msg(cell, exec_reply_content)
nbclient.exceptions.CellExecutionError: An error occurred while executing the following cell:
------------------
np.set_printoptions(threshold=np.inf)
query_data(data1)
subdata1 = get_valid_subset(data1, "dumpReportType", condition={"ObsType":183})
subdata2 = get_valid_subset(data2, "dumpReportType", condition={"ObsType":183})
query_data(subdata1)
query_data(subdata2)
#query_dataset(dataset)
#print(data["EffectiveQC2"])
------------------


[0;31m---------------------------------------------------------------------------[0m
[0;31mNameError[0m                                 Traceback (most recent call last)
Cell [0;32mIn[3], line 2[0m
[1;32m      1[0m np[38;5;241m.[39mset_printoptions(threshold[38;5;241m=[39mnp[38;5;241m.[39minf)
[0;32m----> 2[0m query_data([43mdata1[49m)
[1;32m      3[0m subdata1 [38;5;241m=[39m get_valid_subset(data1, [38;5;124m"[39m[38;5;124mdumpReportType[39m[38;5;124m"[39m, condition[38;5;241m=[39m{[38;5;124m"[39m[38;5;124mObsType[39m[38;5;124m"[39m:[38;5;241m183[39m})
[1;32m      4[0m subdata2 [38;5;241m=[39m get_valid_subset(data2, [38;5;124m"[39m[38;5;124mdumpReportType[39m[38;5;124m"[39m, condition[38;5;241m=[39m{[38;5;124m"[39m[38;5;124mObsType[39m[38;5;124m"[39m:[38;5;241m183[39m})

[0;31mNameError[0m: name 'data1' is not defined

