Traceback (most recent call last):
  File "/gpfs/f6/bil-fire10-oar/world-shared/gge/Miniforge3/envs/pyDAmonitor/lib/python3.11/site-packages/jupyter_core/utils/__init__.py", line 154, in wrapped
    asyncio.get_running_loop()
RuntimeError: no running event loop

During handling of the above exception, another exception occurred:

Traceback (most recent call last):
  File "/gpfs/f6/bil-fire10-oar/world-shared/gge/Miniforge3/envs/pyDAmonitor/lib/python3.11/site-packages/jupyter_cache/executors/utils.py", line 58, in single_nb_execution
    executenb(
  File "/gpfs/f6/bil-fire10-oar/world-shared/gge/Miniforge3/envs/pyDAmonitor/lib/python3.11/site-packages/nbclient/client.py", line 1319, in execute
    return NotebookClient(nb=nb, resources=resources, km=km, **kwargs).execute()
           ^^^^^^^^^^^^^^^^^^^^^^^^^^^^^^^^^^^^^^^^^^^^^^^^^^^^^^^^^^^^^^^^^^^^^
  File "/gpfs/f6/bil-fire10-oar/world-shared/gge/Miniforge3/envs/pyDAmonitor/lib/python3.11/site-packages/jupyter_core/utils/__init__.py", line 158, in wrapped
    return loop.run_until_complete(inner)
           ^^^^^^^^^^^^^^^^^^^^^^^^^^^^^^
  File "/gpfs/f6/bil-fire10-oar/world-shared/gge/Miniforge3/envs/pyDAmonitor/lib/python3.11/asyncio/base_events.py", line 654, in run_until_complete
    return future.result()
           ^^^^^^^^^^^^^^^
  File "/gpfs/f6/bil-fire10-oar/world-shared/gge/Miniforge3/envs/pyDAmonitor/lib/python3.11/site-packages/nbclient/client.py", line 709, in async_execute
    await self.async_execute_cell(
  File "/gpfs/f6/bil-fire10-oar/world-shared/gge/Miniforge3/envs/pyDAmonitor/lib/python3.11/site-packages/nbclient/client.py", line 1062, in async_execute_cell
    await self._check_raise_for_error(cell, cell_index, exec_reply)
  File "/gpfs/f6/bil-fire10-oar/world-shared/gge/Miniforge3/envs/pyDAmonitor/lib/python3.11/site-packages/nbclient/client.py", line 918, in _check_raise_for_error
    raise CellExecutionError.from_cell_and_msg(cell, exec_reply_content)
nbclient.exceptions.CellExecutionError: An error occurred while executing the following cell:
------------------
ioda_file = "../data/samples/mpasjedi/jdiag_aircar_t133.nc"
obs_t133 = obsSpace(ioda_file)
------------------


[0;31m---------------------------------------------------------------------------[0m
[0;31mFileNotFoundError[0m                         Traceback (most recent call last)
Cell [0;32mIn[2], line 2[0m
[1;32m      1[0m ioda_file [38;5;241m=[39m [38;5;124m"[39m[38;5;124m../data/samples/mpasjedi/jdiag_aircar_t133.nc[39m[38;5;124m"[39m
[0;32m----> 2[0m obs_t133 [38;5;241m=[39m [43mobsSpace[49m[43m([49m[43mioda_file[49m[43m)[49m

File [0;32m/autofs/ncrc-svm1_home2/Guoqing.Ge/pyDAmonitor/DAmonitor/obs/obsSpace.py:28[0m, in [0;36mobsSpace.__init__[0;34m(self, filepath)[0m
[1;32m     21[0m [38;5;250m[39m[38;5;124;03m"""[39;00m
[1;32m     22[0m [38;5;124;03mInitialize an obsSpace object and load the NetCDF file.[39;00m
[1;32m     23[0m 
[1;32m     24[0m [38;5;124;03mParameters:[39;00m
[1;32m     25[0m [38;5;124;03m- filepath (str): Path to the NetCDF file.[39;00m
[1;32m     26[0m [38;5;124;03m"""[39;00m
[1;32m     27[0m [38;5;28mself[39m[38;5;241m.[39mfilepath [38;5;241m=[39m filepath
[0;32m---> 28[0m [38;5;28mself[39m[38;5;241m.[39mdataset [38;5;241m=[39m [43mDataset[49m[43m([49m[43mfilepath[49m[43m,[49m[43m [49m[43mmode[49m[38;5;241;43m=[39;49m[38;5;124;43m'[39;49m[38;5;124;43mr[39;49m[38;5;124;43m'[39;49m[43m)[49m
[1;32m     30[0m [38;5;66;03m# Read the dimension[39;00m
[1;32m     31[0m [38;5;28mself[39m[38;5;241m.[39mnlocs [38;5;241m=[39m [38;5;28mlen[39m([38;5;28mself[39m[38;5;241m.[39mdataset[38;5;241m.[39mdimensions[[38;5;124m'[39m[38;5;124mLocation[39m[38;5;124m'[39m])

File [0;32msrc/netCDF4/_netCDF4.pyx:2521[0m, in [0;36mnetCDF4._netCDF4.Dataset.__init__[0;34m()[0m

File [0;32msrc/netCDF4/_netCDF4.pyx:2158[0m, in [0;36mnetCDF4._netCDF4._ensure_nc_success[0;34m()[0m

[0;31mFileNotFoundError[0m: [Errno 2] No such file or directory: '../data/samples/mpasjedi/jdiag_aircar_t133.nc'

